{"/mnt/c/WS-Bender/repos/private/appointment-creator/src/date-utils.ts": {"path":"/mnt/c/WS-Bender/repos/private/appointment-creator/src/date-utils.ts","statementMap":{"0":{"start":{"line":3,"column":0},"end":{"line":3,"column":38}},"1":{"start":{"line":4,"column":0},"end":{"line":4,"column":32}},"2":{"start":{"line":8,"column":4},"end":{"line":8,"column":51}},"3":{"start":{"line":12,"column":4},"end":{"line":12,"column":38}},"4":{"start":{"line":16,"column":4},"end":{"line":16,"column":36}},"5":{"start":{"line":21,"column":15},"end":{"line":21,"column":47}},"6":{"start":{"line":22,"column":30},"end":{"line":22,"column":71}},"7":{"start":{"line":23,"column":4},"end":{"line":23,"column":53}},"8":{"start":{"line":24,"column":4},"end":{"line":24,"column":15}},"9":{"start":{"line":28,"column":4},"end":{"line":28,"column":65}},"10":{"start":{"line":32,"column":4},"end":{"line":32,"column":54}},"11":{"start":{"line":36,"column":15},"end":{"line":36,"column":47}},"12":{"start":{"line":37,"column":29},"end":{"line":37,"column":66}},"13":{"start":{"line":38,"column":4},"end":{"line":38,"column":49}},"14":{"start":{"line":39,"column":4},"end":{"line":39,"column":42}},"15":{"start":{"line":40,"column":4},"end":{"line":40,"column":15}},"16":{"start":{"line":44,"column":14},"end":{"line":44,"column":36}},"17":{"start":{"line":45,"column":14},"end":{"line":45,"column":47}},"18":{"start":{"line":46,"column":14},"end":{"line":46,"column":39}},"19":{"start":{"line":47,"column":12},"end":{"line":47,"column":73}},"20":{"start":{"line":48,"column":4},"end":{"line":48,"column":35}},"21":{"start":{"line":49,"column":4},"end":{"line":49,"column":112}},"22":{"start":{"line":50,"column":12},"end":{"line":50,"column":71}},"23":{"start":{"line":51,"column":4},"end":{"line":51,"column":33}},"24":{"start":{"line":52,"column":14},"end":{"line":52,"column":19}},"25":{"start":{"line":53,"column":14},"end":{"line":53,"column":43}},"26":{"start":{"line":54,"column":14},"end":{"line":54,"column":45}},"27":{"start":{"line":56,"column":16},"end":{"line":56,"column":35}},"28":{"start":{"line":57,"column":18},"end":{"line":57,"column":37}},"29":{"start":{"line":58,"column":4},"end":{"line":58,"column":53}}},"fnMap":{"0":{"name":"(anonymous_0)","decl":{"start":{"line":7,"column":2},"end":{"line":7,"column":3}},"loc":{"start":{"line":7,"column":47},"end":{"line":9,"column":3}},"line":7},"1":{"name":"(anonymous_1)","decl":{"start":{"line":11,"column":2},"end":{"line":11,"column":3}},"loc":{"start":{"line":11,"column":47},"end":{"line":13,"column":3}},"line":11},"2":{"name":"(anonymous_2)","decl":{"start":{"line":15,"column":2},"end":{"line":15,"column":3}},"loc":{"start":{"line":15,"column":54},"end":{"line":17,"column":3}},"line":15},"3":{"name":"(anonymous_3)","decl":{"start":{"line":19,"column":2},"end":{"line":19,"column":3}},"loc":{"start":{"line":19,"column":53},"end":{"line":25,"column":3}},"line":19},"4":{"name":"(anonymous_4)","decl":{"start":{"line":27,"column":2},"end":{"line":27,"column":3}},"loc":{"start":{"line":27,"column":75},"end":{"line":29,"column":3}},"line":27},"5":{"name":"(anonymous_5)","decl":{"start":{"line":31,"column":2},"end":{"line":31,"column":3}},"loc":{"start":{"line":31,"column":56},"end":{"line":33,"column":3}},"line":31},"6":{"name":"(anonymous_6)","decl":{"start":{"line":35,"column":2},"end":{"line":35,"column":3}},"loc":{"start":{"line":35,"column":84},"end":{"line":41,"column":3}},"line":35},"7":{"name":"(anonymous_7)","decl":{"start":{"line":43,"column":2},"end":{"line":43,"column":3}},"loc":{"start":{"line":43,"column":56},"end":{"line":59,"column":3}},"line":43}},"branchMap":{"0":{"loc":{"start":{"line":22,"column":30},"end":{"line":22,"column":71}},"type":"cond-expr","locations":[{"start":{"line":22,"column":51},"end":{"line":22,"column":52}},{"start":{"line":22,"column":55},"end":{"line":22,"column":71}}],"line":22},"1":{"loc":{"start":{"line":37,"column":29},"end":{"line":37,"column":66}},"type":"cond-expr","locations":[{"start":{"line":37,"column":50},"end":{"line":37,"column":51}},{"start":{"line":37,"column":54},"end":{"line":37,"column":66}}],"line":37}},"s":{"0":2,"1":2,"2":28,"3":22,"4":0,"5":2,"6":2,"7":2,"8":2,"9":2,"10":2,"11":4,"12":4,"13":4,"14":4,"15":4,"16":2,"17":2,"18":2,"19":2,"20":2,"21":2,"22":2,"23":2,"24":2,"25":2,"26":2,"27":2,"28":2,"29":2},"f":{"0":28,"1":22,"2":0,"3":2,"4":2,"5":2,"6":4,"7":2},"b":{"0":[1,1],"1":[2,2]},"_coverageSchema":"1a1c01bbd47fc00a2c39e90264f33305004495a9","hash":"e8be449af4269a5ca889df2e8dcf4d39036f925d"}
,"/mnt/c/WS-Bender/repos/private/appointment-creator/src/appointments/appointment-type.ts": {"path":"/mnt/c/WS-Bender/repos/private/appointment-creator/src/appointments/appointment-type.ts","statementMap":{},"fnMap":{},"branchMap":{},"s":{},"f":{},"b":{},"_coverageSchema":"1a1c01bbd47fc00a2c39e90264f33305004495a9","hash":"8c1e39b15d07d9397698aea3314e2ef766f47b77"}
,"/mnt/c/WS-Bender/repos/private/appointment-creator/src/appointments/base-appointment.ts": {"path":"/mnt/c/WS-Bender/repos/private/appointment-creator/src/appointments/base-appointment.ts","statementMap":{"0":{"start":{"line":19,"column":4},"end":{"line":19,"column":40}},"1":{"start":{"line":20,"column":4},"end":{"line":20,"column":36}},"2":{"start":{"line":21,"column":4},"end":{"line":21,"column":28}},"3":{"start":{"line":25,"column":4},"end":{"line":25,"column":22}},"4":{"start":{"line":29,"column":4},"end":{"line":29,"column":20}},"5":{"start":{"line":33,"column":4},"end":{"line":33,"column":40}},"6":{"start":{"line":37,"column":4},"end":{"line":37,"column":30}},"7":{"start":{"line":40,"column":4},"end":{"line":40,"column":29}}},"fnMap":{"0":{"name":"(anonymous_0)","decl":{"start":{"line":11,"column":2},"end":{"line":11,"column":3}},"loc":{"start":{"line":18,"column":4},"end":{"line":22,"column":3}},"line":18},"1":{"name":"(anonymous_1)","decl":{"start":{"line":24,"column":2},"end":{"line":24,"column":3}},"loc":{"start":{"line":24,"column":24},"end":{"line":26,"column":3}},"line":24},"2":{"name":"(anonymous_2)","decl":{"start":{"line":28,"column":2},"end":{"line":28,"column":3}},"loc":{"start":{"line":28,"column":22},"end":{"line":30,"column":3}},"line":28},"3":{"name":"(anonymous_3)","decl":{"start":{"line":32,"column":2},"end":{"line":32,"column":3}},"loc":{"start":{"line":32,"column":21},"end":{"line":34,"column":3}},"line":32},"4":{"name":"(anonymous_4)","decl":{"start":{"line":36,"column":2},"end":{"line":36,"column":3}},"loc":{"start":{"line":36,"column":37},"end":{"line":38,"column":3}},"line":36},"5":{"name":"(anonymous_5)","decl":{"start":{"line":39,"column":2},"end":{"line":39,"column":3}},"loc":{"start":{"line":39,"column":40},"end":{"line":41,"column":3}},"line":39}},"branchMap":{},"s":{"0":10,"1":10,"2":10,"3":10,"4":24,"5":0,"6":0,"7":7},"f":{"0":10,"1":10,"2":24,"3":0,"4":0,"5":7},"b":{},"_coverageSchema":"1a1c01bbd47fc00a2c39e90264f33305004495a9","hash":"6c7724b2045310cd7c0f717480bc5d721c487995"}
,"/mnt/c/WS-Bender/repos/private/appointment-creator/src/appointments/multi-day-appointment.ts": {"path":"/mnt/c/WS-Bender/repos/private/appointment-creator/src/appointments/multi-day-appointment.ts","statementMap":{},"fnMap":{},"branchMap":{},"s":{},"f":{},"b":{},"_coverageSchema":"1a1c01bbd47fc00a2c39e90264f33305004495a9","hash":"ed805d84cb0273d4a03ff73aae832ead25c3fde2"}
,"/mnt/c/WS-Bender/repos/private/appointment-creator/src/appointments/school-holiday-appointment.ts": {"path":"/mnt/c/WS-Bender/repos/private/appointment-creator/src/appointments/school-holiday-appointment.ts","statementMap":{"0":{"start":{"line":6,"column":4},"end":{"line":6,"column":40}},"1":{"start":{"line":10,"column":42},"end":{"line":10,"column":44}},"2":{"start":{"line":12,"column":16},"end":{"line":12,"column":26}},"3":{"start":{"line":13,"column":16},"end":{"line":13,"column":17}},"4":{"start":{"line":15,"column":4},"end":{"line":29,"column":5}},"5":{"start":{"line":16,"column":26},"end":{"line":23,"column":7}},"6":{"start":{"line":24,"column":6},"end":{"line":24,"column":50}},"7":{"start":{"line":25,"column":6},"end":{"line":25,"column":30}},"8":{"start":{"line":27,"column":6},"end":{"line":27,"column":13}},"9":{"start":{"line":28,"column":6},"end":{"line":28,"column":47}},"10":{"start":{"line":31,"column":4},"end":{"line":31,"column":17}}},"fnMap":{"0":{"name":"(anonymous_0)","decl":{"start":{"line":5,"column":2},"end":{"line":5,"column":3}},"loc":{"start":{"line":5,"column":68},"end":{"line":7,"column":3}},"line":5},"1":{"name":"(anonymous_1)","decl":{"start":{"line":9,"column":2},"end":{"line":9,"column":3}},"loc":{"start":{"line":9,"column":40},"end":{"line":32,"column":3}},"line":9}},"branchMap":{},"s":{"0":3,"1":3,"2":3,"3":3,"4":3,"5":7,"6":7,"7":7,"8":7,"9":7,"10":3},"f":{"0":3,"1":3},"b":{},"_coverageSchema":"1a1c01bbd47fc00a2c39e90264f33305004495a9","hash":"d1ed01aedb2effaa68c6a5b517b2a61a0d779d8b"}
}
