TN:
SF:src/date-utils.ts
FN:7,(anonymous_0)
FN:11,(anonymous_1)
FN:15,(anonymous_2)
FN:19,(anonymous_3)
FN:27,(anonymous_4)
FN:31,(anonymous_5)
FN:35,(anonymous_6)
FN:43,(anonymous_7)
FNF:8
FNH:7
FNDA:28,(anonymous_0)
FNDA:22,(anonymous_1)
FNDA:0,(anonymous_2)
FNDA:2,(anonymous_3)
FNDA:2,(anonymous_4)
FNDA:2,(anonymous_5)
FNDA:4,(anonymous_6)
FNDA:2,(anonymous_7)
DA:3,2
DA:4,2
DA:8,28
DA:12,22
DA:16,0
DA:21,2
DA:22,2
DA:23,2
DA:24,2
DA:28,2
DA:32,2
DA:36,4
DA:37,4
DA:38,4
DA:39,4
DA:40,4
DA:44,2
DA:45,2
DA:46,2
DA:47,2
DA:48,2
DA:49,2
DA:50,2
DA:51,2
DA:52,2
DA:53,2
DA:54,2
DA:56,2
DA:57,2
DA:58,2
LF:30
LH:29
BRDA:22,0,0,1
BRDA:22,0,1,1
BRDA:37,1,0,2
BRDA:37,1,1,2
BRF:4
BRH:4
end_of_record
TN:
SF:src/appointments/appointment-type.ts
FNF:0
FNH:0
LF:0
LH:0
BRF:0
BRH:0
end_of_record
TN:
SF:src/appointments/base-appointment.ts
FN:11,(anonymous_0)
FN:24,(anonymous_1)
FN:28,(anonymous_2)
FN:32,(anonymous_3)
FN:36,(anonymous_4)
FN:39,(anonymous_5)
FNF:6
FNH:4
FNDA:10,(anonymous_0)
FNDA:10,(anonymous_1)
FNDA:24,(anonymous_2)
FNDA:0,(anonymous_3)
FNDA:0,(anonymous_4)
FNDA:7,(anonymous_5)
DA:19,10
DA:20,10
DA:21,10
DA:25,10
DA:29,24
DA:33,0
DA:37,0
DA:40,7
LF:8
LH:6
BRF:0
BRH:0
end_of_record
TN:
SF:src/appointments/multi-day-appointment.ts
FNF:0
FNH:0
LF:0
LH:0
BRF:0
BRH:0
end_of_record
TN:
SF:src/appointments/school-holiday-appointment.ts
FN:5,(anonymous_0)
FN:9,(anonymous_1)
FNF:2
FNH:2
FNDA:3,(anonymous_0)
FNDA:3,(anonymous_1)
DA:6,3
DA:10,3
DA:12,3
DA:13,3
DA:15,3
DA:16,7
DA:24,7
DA:25,7
DA:27,7
DA:28,7
DA:31,3
LF:11
LH:11
BRF:0
BRH:0
end_of_record
